INFO - Going to assess criteria: COUNTRY
INFO - Going to connect to database ../results/bold.db
INFO - Going to connect to database ../results/bold.db
INFO - Attempting to load 'COUNTRY'
INFO - Loaded implementation COUNTRY => BCDM::Criteria::COUNTRY
Use of uninitialized value in string eq at ../lib/BCDM/Criteria/COUNTRY.pm line 16.
Use of uninitialized value in string eq at ../lib/BCDM/Criteria/COUNTRY.pm line 16.
Use of uninitialized value in string eq at ../lib/BCDM/Criteria/COUNTRY.pm line 16.
Use of uninitialized value in string eq at ../lib/BCDM/Criteria/COUNTRY.pm line 16.
Use of uninitialized value in string eq at ../lib/BCDM/Criteria/COUNTRY.pm line 16.
Use of uninitialized value in string eq at ../lib/BCDM/Criteria/COUNTRY.pm line 16.
Use of uninitialized value in string eq at ../lib/BCDM/Criteria/COUNTRY.pm line 16.
Use of uninitialized value in string eq at ../lib/BCDM/Criteria/COUNTRY.pm line 16.
Use of uninitialized value in string eq at ../lib/BCDM/Criteria/COUNTRY.pm line 16.
Use of uninitialized value in string eq at ../lib/BCDM/Criteria/COUNTRY.pm line 16.
Use of uninitialized value in string eq at ../lib/BCDM/Criteria/COUNTRY.pm line 16.
Use of uninitialized value in string eq at ../lib/BCDM/Criteria/COUNTRY.pm line 16.
Use of uninitialized value in string eq at ../lib/BCDM/Criteria/COUNTRY.pm line 16.
Use of uninitialized value in string eq at ../lib/BCDM/Criteria/COUNTRY.pm line 16.
Use of uninitialized value in string eq at ../lib/BCDM/Criteria/COUNTRY.pm line 16.
Use of uninitialized value in string eq at ../lib/BCDM/Criteria/COUNTRY.pm line 16.
Use of uninitialized value in string eq at ../lib/BCDM/Criteria/COUNTRY.pm line 16.
Use of uninitialized value in string eq at ../lib/BCDM/Criteria/COUNTRY.pm line 16.
Use of uninitialized value in string eq at ../lib/BCDM/Criteria/COUNTRY.pm line 16.
Use of uninitialized value in string eq at ../lib/BCDM/Criteria/COUNTRY.pm line 16.
Use of uninitialized value in string eq at ../lib/BCDM/Criteria/COUNTRY.pm line 16.
Use of uninitialized value in string eq at ../lib/BCDM/Criteria/COUNTRY.pm line 16.
Use of uninitialized value in string eq at ../lib/BCDM/Criteria/COUNTRY.pm line 16.
Use of uninitialized value in string eq at ../lib/BCDM/Criteria/COUNTRY.pm line 16.
Use of uninitialized value in string eq at ../lib/BCDM/Criteria/COUNTRY.pm line 16.
Use of uninitialized value in string eq at ../lib/BCDM/Criteria/COUNTRY.pm line 16.
Use of uninitialized value in string eq at ../lib/BCDM/Criteria/COUNTRY.pm line 16.
Use of uninitialized value in string eq at ../lib/BCDM/Criteria/COUNTRY.pm line 16.
Use of uninitialized value in string eq at ../lib/BCDM/Criteria/COUNTRY.pm line 16.
Use of uninitialized value in string eq at ../lib/BCDM/Criteria/COUNTRY.pm line 16.
Use of uninitialized value in string eq at ../lib/BCDM/Criteria/COUNTRY.pm line 16.
Use of uninitialized value in string eq at ../lib/BCDM/Criteria/COUNTRY.pm line 16.
Use of uninitialized value in string eq at ../lib/BCDM/Criteria/COUNTRY.pm line 16.
Use of uninitialized value in string eq at ../lib/BCDM/Criteria/COUNTRY.pm line 16.
Use of uninitialized value in string eq at ../lib/BCDM/Criteria/COUNTRY.pm line 16.
Use of uninitialized value in string eq at ../lib/BCDM/Criteria/COUNTRY.pm line 16.
Use of uninitialized value in string eq at ../lib/BCDM/Criteria/COUNTRY.pm line 16.
Use of uninitialized value in string eq at ../lib/BCDM/Criteria/COUNTRY.pm line 16.
Use of uninitialized value in string eq at ../lib/BCDM/Criteria/COUNTRY.pm line 16.
Use of uninitialized value in string eq at ../lib/BCDM/Criteria/COUNTRY.pm line 16.
Use of uninitialized value in string eq at ../lib/BCDM/Criteria/COUNTRY.pm line 16.
Use of uninitialized value in string eq at ../lib/BCDM/Criteria/COUNTRY.pm line 16.
Use of uninitialized value in string eq at ../lib/BCDM/Criteria/COUNTRY.pm line 16.
Use of uninitialized value in string eq at ../lib/BCDM/Criteria/COUNTRY.pm line 16.
Use of uninitialized value in string eq at ../lib/BCDM/Criteria/COUNTRY.pm line 16.
Use of uninitialized value in string eq at ../lib/BCDM/Criteria/COUNTRY.pm line 16.
Use of uninitialized value in string eq at ../lib/BCDM/Criteria/COUNTRY.pm line 16.
Use of uninitialized value in string eq at ../lib/BCDM/Criteria/COUNTRY.pm line 16.
Use of uninitialized value in string eq at ../lib/BCDM/Criteria/COUNTRY.pm line 16.
Use of uninitialized value in string eq at ../lib/BCDM/Criteria/COUNTRY.pm line 16.
Use of uninitialized value in string eq at ../lib/BCDM/Criteria/COUNTRY.pm line 16.
Use of uninitialized value in string eq at ../lib/BCDM/Criteria/COUNTRY.pm line 16.
Use of uninitialized value in string eq at ../lib/BCDM/Criteria/COUNTRY.pm line 16.
Use of uninitialized value in string eq at ../lib/BCDM/Criteria/COUNTRY.pm line 16.
Use of uninitialized value in string eq at ../lib/BCDM/Criteria/COUNTRY.pm line 16.
Use of uninitialized value in string eq at ../lib/BCDM/Criteria/COUNTRY.pm line 16.
Use of uninitialized value in string eq at ../lib/BCDM/Criteria/COUNTRY.pm line 16.
Use of uninitialized value in string eq at ../lib/BCDM/Criteria/COUNTRY.pm line 16.
Use of uninitialized value in string eq at ../lib/BCDM/Criteria/COUNTRY.pm line 16.
Use of uninitialized value in string eq at ../lib/BCDM/Criteria/COUNTRY.pm line 16.
Use of uninitialized value in string eq at ../lib/BCDM/Criteria/COUNTRY.pm line 16.
Use of uninitialized value in string eq at ../lib/BCDM/Criteria/COUNTRY.pm line 16.
Use of uninitialized value in string eq at ../lib/BCDM/Criteria/COUNTRY.pm line 16.
Use of uninitialized value in string eq at ../lib/BCDM/Criteria/COUNTRY.pm line 16.
Use of uninitialized value in string eq at ../lib/BCDM/Criteria/COUNTRY.pm line 16.
Use of uninitialized value in string eq at ../lib/BCDM/Criteria/COUNTRY.pm line 16.
Use of uninitialized value in string eq at ../lib/BCDM/Criteria/COUNTRY.pm line 16.
Use of uninitialized value in string eq at ../lib/BCDM/Criteria/COUNTRY.pm line 16.
Use of uninitialized value in string eq at ../lib/BCDM/Criteria/COUNTRY.pm line 16.
Use of uninitialized value in string eq at ../lib/BCDM/Criteria/COUNTRY.pm line 16.
Use of uninitialized value in string eq at ../lib/BCDM/Criteria/COUNTRY.pm line 16.
Use of uninitialized value in string eq at ../lib/BCDM/Criteria/COUNTRY.pm line 16.
Use of uninitialized value in string eq at ../lib/BCDM/Criteria/COUNTRY.pm line 16.
Use of uninitialized value in string eq at ../lib/BCDM/Criteria/COUNTRY.pm line 16.
Use of uninitialized value in string eq at ../lib/BCDM/Criteria/COUNTRY.pm line 16.
Use of uninitialized value in string eq at ../lib/BCDM/Criteria/COUNTRY.pm line 16.
Use of uninitialized value in string eq at ../lib/BCDM/Criteria/COUNTRY.pm line 16.
Use of uninitialized value in string eq at ../lib/BCDM/Criteria/COUNTRY.pm line 16.
Use of uninitialized value in string eq at ../lib/BCDM/Criteria/COUNTRY.pm line 16.
Use of uninitialized value in string eq at ../lib/BCDM/Criteria/COUNTRY.pm line 16.
Use of uninitialized value in string eq at ../lib/BCDM/Criteria/COUNTRY.pm line 16.
Use of uninitialized value in string eq at ../lib/BCDM/Criteria/COUNTRY.pm line 16.
Use of uninitialized value in string eq at ../lib/BCDM/Criteria/COUNTRY.pm line 16.
Use of uninitialized value in string eq at ../lib/BCDM/Criteria/COUNTRY.pm line 16.
Use of uninitialized value in string eq at ../lib/BCDM/Criteria/COUNTRY.pm line 16.
Use of uninitialized value in string eq at ../lib/BCDM/Criteria/COUNTRY.pm line 16.
Use of uninitialized value in string eq at ../lib/BCDM/Criteria/COUNTRY.pm line 16.
Use of uninitialized value in string eq at ../lib/BCDM/Criteria/COUNTRY.pm line 16.
Use of uninitialized value in string eq at ../lib/BCDM/Criteria/COUNTRY.pm line 16.
Use of uninitialized value in string eq at ../lib/BCDM/Criteria/COUNTRY.pm line 16.
Use of uninitialized value in string eq at ../lib/BCDM/Criteria/COUNTRY.pm line 16.
Use of uninitialized value in string eq at ../lib/BCDM/Criteria/COUNTRY.pm line 16.
Use of uninitialized value in string eq at ../lib/BCDM/Criteria/COUNTRY.pm line 16.
Use of uninitialized value in string eq at ../lib/BCDM/Criteria/COUNTRY.pm line 16.
Use of uninitialized value in string eq at ../lib/BCDM/Criteria/COUNTRY.pm line 16.
Use of uninitialized value in string eq at ../lib/BCDM/Criteria/COUNTRY.pm line 16.
Use of uninitialized value in string eq at ../lib/BCDM/Criteria/COUNTRY.pm line 16.
Use of uninitialized value in string eq at ../lib/BCDM/Criteria/COUNTRY.pm line 16.
Use of uninitialized value in string eq at ../lib/BCDM/Criteria/COUNTRY.pm line 16.
Use of uninitialized value in string eq at ../lib/BCDM/Criteria/COUNTRY.pm line 16.
Use of uninitialized value in string eq at ../lib/BCDM/Criteria/COUNTRY.pm line 16.
Use of uninitialized value in string eq at ../lib/BCDM/Criteria/COUNTRY.pm line 16.
Use of uninitialized value in string eq at ../lib/BCDM/Criteria/COUNTRY.pm line 16.
Use of uninitialized value in string eq at ../lib/BCDM/Criteria/COUNTRY.pm line 16.
Use of uninitialized value in string eq at ../lib/BCDM/Criteria/COUNTRY.pm line 16.
Use of uninitialized value in string eq at ../lib/BCDM/Criteria/COUNTRY.pm line 16.
Use of uninitialized value in string eq at ../lib/BCDM/Criteria/COUNTRY.pm line 16.
Use of uninitialized value in string eq at ../lib/BCDM/Criteria/COUNTRY.pm line 16.
Use of uninitialized value in string eq at ../lib/BCDM/Criteria/COUNTRY.pm line 16.
Use of uninitialized value in string eq at ../lib/BCDM/Criteria/COUNTRY.pm line 16.
Use of uninitialized value in string eq at ../lib/BCDM/Criteria/COUNTRY.pm line 16.
Use of uninitialized value in string eq at ../lib/BCDM/Criteria/COUNTRY.pm line 16.
Use of uninitialized value in string eq at ../lib/BCDM/Criteria/COUNTRY.pm line 16.
Use of uninitialized value in string eq at ../lib/BCDM/Criteria/COUNTRY.pm line 16.
Use of uninitialized value in string eq at ../lib/BCDM/Criteria/COUNTRY.pm line 16.
Use of uninitialized value in string eq at ../lib/BCDM/Criteria/COUNTRY.pm line 16.
Use of uninitialized value in string eq at ../lib/BCDM/Criteria/COUNTRY.pm line 16.
Use of uninitialized value in string eq at ../lib/BCDM/Criteria/COUNTRY.pm line 16.
Use of uninitialized value in string eq at ../lib/BCDM/Criteria/COUNTRY.pm line 16.
Use of uninitialized value in string eq at ../lib/BCDM/Criteria/COUNTRY.pm line 16.
Use of uninitialized value in string eq at ../lib/BCDM/Criteria/COUNTRY.pm line 16.
Use of uninitialized value in string eq at ../lib/BCDM/Criteria/COUNTRY.pm line 16.
Use of uninitialized value in string eq at ../lib/BCDM/Criteria/COUNTRY.pm line 16.
Use of uninitialized value in string eq at ../lib/BCDM/Criteria/COUNTRY.pm line 16.
Use of uninitialized value in string eq at ../lib/BCDM/Criteria/COUNTRY.pm line 16.
Use of uninitialized value in string eq at ../lib/BCDM/Criteria/COUNTRY.pm line 16.
Use of uninitialized value in string eq at ../lib/BCDM/Criteria/COUNTRY.pm line 16.
Use of uninitialized value in string eq at ../lib/BCDM/Criteria/COUNTRY.pm line 16.
Use of uninitialized value in string eq at ../lib/BCDM/Criteria/COUNTRY.pm line 16.
Use of uninitialized value in string eq at ../lib/BCDM/Criteria/COUNTRY.pm line 16.
Use of uninitialized value in string eq at ../lib/BCDM/Criteria/COUNTRY.pm line 16.
Use of uninitialized value in string eq at ../lib/BCDM/Criteria/COUNTRY.pm line 16.
Use of uninitialized value in string eq at ../lib/BCDM/Criteria/COUNTRY.pm line 16.
Use of uninitialized value in string eq at ../lib/BCDM/Criteria/COUNTRY.pm line 16.
Use of uninitialized value in string eq at ../lib/BCDM/Criteria/COUNTRY.pm line 16.
Use of uninitialized value in string eq at ../lib/BCDM/Criteria/COUNTRY.pm line 16.
Use of uninitialized value in string eq at ../lib/BCDM/Criteria/COUNTRY.pm line 16.
Use of uninitialized value in string eq at ../lib/BCDM/Criteria/COUNTRY.pm line 16.
Use of uninitialized value in string eq at ../lib/BCDM/Criteria/COUNTRY.pm line 16.
Use of uninitialized value in string eq at ../lib/BCDM/Criteria/COUNTRY.pm line 16.
Use of uninitialized value in string eq at ../lib/BCDM/Criteria/COUNTRY.pm line 16.
Use of uninitialized value in string eq at ../lib/BCDM/Criteria/COUNTRY.pm line 16.
Use of uninitialized value in string eq at ../lib/BCDM/Criteria/COUNTRY.pm line 16.
Use of uninitialized value in string eq at ../lib/BCDM/Criteria/COUNTRY.pm line 16.
Use of uninitialized value in string eq at ../lib/BCDM/Criteria/COUNTRY.pm line 16.
Use of uninitialized value in string eq at ../lib/BCDM/Criteria/COUNTRY.pm line 16.
Use of uninitialized value in string eq at ../lib/BCDM/Criteria/COUNTRY.pm line 16.
Use of uninitialized value in string eq at ../lib/BCDM/Criteria/COUNTRY.pm line 16.
Use of uninitialized value in string eq at ../lib/BCDM/Criteria/COUNTRY.pm line 16.
Use of uninitialized value in string eq at ../lib/BCDM/Criteria/COUNTRY.pm line 16.
Use of uninitialized value in string eq at ../lib/BCDM/Criteria/COUNTRY.pm line 16.
Use of uninitialized value in string eq at ../lib/BCDM/Criteria/COUNTRY.pm line 16.
Use of uninitialized value in string eq at ../lib/BCDM/Criteria/COUNTRY.pm line 16.
Use of uninitialized value in string eq at ../lib/BCDM/Criteria/COUNTRY.pm line 16.
Use of uninitialized value in string eq at ../lib/BCDM/Criteria/COUNTRY.pm line 16.
Use of uninitialized value in string eq at ../lib/BCDM/Criteria/COUNTRY.pm line 16.
Use of uninitialized value in string eq at ../lib/BCDM/Criteria/COUNTRY.pm line 16.
Use of uninitialized value in string eq at ../lib/BCDM/Criteria/COUNTRY.pm line 16.
Use of uninitialized value in string eq at ../lib/BCDM/Criteria/COUNTRY.pm line 16.
Use of uninitialized value in string eq at ../lib/BCDM/Criteria/COUNTRY.pm line 16.
Use of uninitialized value in string eq at ../lib/BCDM/Criteria/COUNTRY.pm line 16.
Use of uninitialized value in string eq at ../lib/BCDM/Criteria/COUNTRY.pm line 16.
Use of uninitialized value in string eq at ../lib/BCDM/Criteria/COUNTRY.pm line 16.
Use of uninitialized value in string eq at ../lib/BCDM/Criteria/COUNTRY.pm line 16.
Use of uninitialized value in string eq at ../lib/BCDM/Criteria/COUNTRY.pm line 16.
Use of uninitialized value in string eq at ../lib/BCDM/Criteria/COUNTRY.pm line 16.
Use of uninitialized value in string eq at ../lib/BCDM/Criteria/COUNTRY.pm line 16.
Use of uninitialized value in string eq at ../lib/BCDM/Criteria/COUNTRY.pm line 16.
Use of uninitialized value in string eq at ../lib/BCDM/Criteria/COUNTRY.pm line 16.
Use of uninitialized value in string eq at ../lib/BCDM/Criteria/COUNTRY.pm line 16.
Use of uninitialized value in string eq at ../lib/BCDM/Criteria/COUNTRY.pm line 16.
Use of uninitialized value in string eq at ../lib/BCDM/Criteria/COUNTRY.pm line 16.
Use of uninitialized value in string eq at ../lib/BCDM/Criteria/COUNTRY.pm line 16.
Use of uninitialized value in string eq at ../lib/BCDM/Criteria/COUNTRY.pm line 16.
Use of uninitialized value in string eq at ../lib/BCDM/Criteria/COUNTRY.pm line 16.
Use of uninitialized value in string eq at ../lib/BCDM/Criteria/COUNTRY.pm line 16.
Use of uninitialized value in string eq at ../lib/BCDM/Criteria/COUNTRY.pm line 16.
Use of uninitialized value in string eq at ../lib/BCDM/Criteria/COUNTRY.pm line 16.
Use of uninitialized value in string eq at ../lib/BCDM/Criteria/COUNTRY.pm line 16.
Use of uninitialized value in string eq at ../lib/BCDM/Criteria/COUNTRY.pm line 16.
Use of uninitialized value in string eq at ../lib/BCDM/Criteria/COUNTRY.pm line 16.
Use of uninitialized value in string eq at ../lib/BCDM/Criteria/COUNTRY.pm line 16.
Use of uninitialized value in string eq at ../lib/BCDM/Criteria/COUNTRY.pm line 16.
Use of uninitialized value in string eq at ../lib/BCDM/Criteria/COUNTRY.pm line 16.
Use of uninitialized value in string eq at ../lib/BCDM/Criteria/COUNTRY.pm line 16.
Use of uninitialized value in string eq at ../lib/BCDM/Criteria/COUNTRY.pm line 16.
Use of uninitialized value in string eq at ../lib/BCDM/Criteria/COUNTRY.pm line 16.
Use of uninitialized value in string eq at ../lib/BCDM/Criteria/COUNTRY.pm line 16.
Use of uninitialized value in string eq at ../lib/BCDM/Criteria/COUNTRY.pm line 16.
Use of uninitialized value in string eq at ../lib/BCDM/Criteria/COUNTRY.pm line 16.
Use of uninitialized value in string eq at ../lib/BCDM/Criteria/COUNTRY.pm line 16.
Use of uninitialized value in string eq at ../lib/BCDM/Criteria/COUNTRY.pm line 16.
Use of uninitialized value in string eq at ../lib/BCDM/Criteria/COUNTRY.pm line 16.
Use of uninitialized value in string eq at ../lib/BCDM/Criteria/COUNTRY.pm line 16.
Use of uninitialized value in string eq at ../lib/BCDM/Criteria/COUNTRY.pm line 16.
Use of uninitialized value in string eq at ../lib/BCDM/Criteria/COUNTRY.pm line 16.
Use of uninitialized value in string eq at ../lib/BCDM/Criteria/COUNTRY.pm line 16.
Use of uninitialized value in string eq at ../lib/BCDM/Criteria/COUNTRY.pm line 16.
Use of uninitialized value in string eq at ../lib/BCDM/Criteria/COUNTRY.pm line 16.
